<?xml version="1.0" encoding="UTF-8"?>
<testng-results ignored="0" total="2" passed="2" failed="0" skipped="0">
  <reporter-output>
  </reporter-output>
  <suite started-at="2023-08-09T16:08:33 IST" name="Default suite" finished-at="2023-08-09T16:09:39 IST" duration-ms="65261">
    <groups>
    </groups>
    <test started-at="2023-08-09T16:08:33 IST" name="Default test" finished-at="2023-08-09T16:09:39 IST" duration-ms="65261">
      <class name="com.framework.AppiumAndroidFramework.ProductAddToCart">
        <test-method is-config="true" signature="configurationForAppium()[pri:0, instance:com.framework.AppiumAndroidFramework.ProductAddToCart@6d763516]" started-at="2023-08-09T16:08:33 IST" name="configurationForAppium" finished-at="2023-08-09T16:08:48 IST" duration-ms="14541" status="PASS">
          <reporter-output>
          </reporter-output>
        </test-method> <!-- configurationForAppium -->
        <test-method is-config="true" signature="beforeTestStarts()[pri:0, instance:com.framework.AppiumAndroidFramework.ProductAddToCart@6d763516]" started-at="2023-08-09T16:08:48 IST" name="beforeTestStarts" finished-at="2023-08-09T16:08:51 IST" duration-ms="3505" status="PASS">
          <reporter-output>
          </reporter-output>
        </test-method> <!-- beforeTestStarts -->
        <test-method signature="addToCart(java.lang.String,java.lang.String,java.lang.String)[pri:0, instance:com.framework.AppiumAndroidFramework.ProductAddToCart@6d763516]" started-at="2023-08-09T16:08:51 IST" name="addToCart" data-provider="getData" finished-at="2023-08-09T16:09:13 IST" duration-ms="21145" status="PASS">
          <params>
            <param index="0">
              <value>
                <![CDATA[Argentina]]>
              </value>
            </param>
            <param index="1">
              <value>
                <![CDATA[Messi]]>
              </value>
            </param>
            <param index="2">
              <value>
                <![CDATA[male]]>
              </value>
            </param>
          </params>
          <reporter-output>
          </reporter-output>
        </test-method> <!-- addToCart -->
        <test-method is-config="true" signature="beforeTestStarts()[pri:0, instance:com.framework.AppiumAndroidFramework.ProductAddToCart@6d763516]" started-at="2023-08-09T16:09:13 IST" name="beforeTestStarts" finished-at="2023-08-09T16:09:17 IST" duration-ms="4537" status="PASS">
          <reporter-output>
          </reporter-output>
        </test-method> <!-- beforeTestStarts -->
        <test-method signature="addToCart(java.lang.String,java.lang.String,java.lang.String)[pri:0, instance:com.framework.AppiumAndroidFramework.ProductAddToCart@6d763516]" started-at="2023-08-09T16:09:17 IST" name="addToCart" data-provider="getData" finished-at="2023-08-09T16:09:38 IST" duration-ms="20497" status="PASS">
          <params>
            <param index="0">
              <value>
                <![CDATA[Argentina]]>
              </value>
            </param>
            <param index="1">
              <value>
                <![CDATA[Sam]]>
              </value>
            </param>
            <param index="2">
              <value>
                <![CDATA[female]]>
              </value>
            </param>
          </params>
          <reporter-output>
          </reporter-output>
        </test-method> <!-- addToCart -->
        <test-method is-config="true" signature="tearDown()[pri:0, instance:com.framework.AppiumAndroidFramework.ProductAddToCart@6d763516]" started-at="2023-08-09T16:09:38 IST" name="tearDown" finished-at="2023-08-09T16:09:39 IST" duration-ms="1000" status="PASS">
          <reporter-output>
          </reporter-output>
        </test-method> <!-- tearDown -->
      </class> <!-- com.framework.AppiumAndroidFramework.ProductAddToCart -->
    </test> <!-- Default test -->
  </suite> <!-- Default suite -->
</testng-results>
