<?xml version="1.0" encoding="UTF-8"?>
<testng-results ignored="0" total="1" passed="1" failed="0" skipped="0">
  <reporter-output>
  </reporter-output>
  <suite started-at="2023-07-21T10:43:39 IST" name="Default suite" finished-at="2023-07-21T10:44:04 IST" duration-ms="24982">
    <groups>
    </groups>
    <test started-at="2023-07-21T10:43:39 IST" name="Default test" finished-at="2023-07-21T10:44:04 IST" duration-ms="24982">
      <class name="com.appium.AppiumBasics">
        <test-method signature="appiumTest()[pri:0, instance:com.appium.AppiumBasics@72f926e6]" started-at="2023-07-21T10:43:39 IST" name="appiumTest" finished-at="2023-07-21T10:44:04 IST" duration-ms="24948" status="PASS">
          <reporter-output>
          </reporter-output>
        </test-method> <!-- appiumTest -->
      </class> <!-- com.appium.AppiumBasics -->
    </test> <!-- Default test -->
  </suite> <!-- Default suite -->
</testng-results>
