<?xml version="1.0" encoding="UTF-8"?>
<testng-results ignored="0" total="2" passed="2" failed="0" skipped="0">
  <reporter-output>
  </reporter-output>
  <suite started-at="2023-08-09T15:37:37 IST" name="Default suite" finished-at="2023-08-09T15:39:32 IST" duration-ms="114300">
    <groups>
    </groups>
    <test started-at="2023-08-09T15:37:37 IST" name="Default test" finished-at="2023-08-09T15:39:32 IST" duration-ms="114300">
      <class name="com.generalstore.ParallelTestsing">
        <test-method is-config="true" signature="configurationForGeneralStore()[pri:0, instance:com.generalstore.ParallelTestsing@16d04d3d]" started-at="2023-08-09T15:37:37 IST" name="configurationForGeneralStore" finished-at="2023-08-09T15:37:53 IST" duration-ms="15133" status="PASS">
          <reporter-output>
          </reporter-output>
        </test-method> <!-- configurationForGeneralStore -->
        <test-method signature="testingFormGeneralStore()[pri:1, instance:com.generalstore.ParallelTestsing@16d04d3d]" started-at="2023-08-09T15:37:53 IST" name="testingFormGeneralStore" finished-at="2023-08-09T15:38:45 IST" duration-ms="52244" status="PASS">
          <reporter-output>
          </reporter-output>
        </test-method> <!-- testingFormGeneralStore -->
        <test-method signature="testingToCart()[pri:2, instance:com.generalstore.ParallelTestsing@16d04d3d]" started-at="2023-08-09T15:38:45 IST" name="testingToCart" finished-at="2023-08-09T15:39:31 IST" duration-ms="45848" status="PASS">
          <reporter-output>
          </reporter-output>
        </test-method> <!-- testingToCart -->
        <test-method is-config="true" signature="tearDown()[pri:0, instance:com.generalstore.ParallelTestsing@16d04d3d]" started-at="2023-08-09T15:39:31 IST" name="tearDown" finished-at="2023-08-09T15:39:32 IST" duration-ms="1044" status="PASS">
          <reporter-output>
          </reporter-output>
        </test-method> <!-- tearDown -->
      </class> <!-- com.generalstore.ParallelTestsing -->
    </test> <!-- Default test -->
  </suite> <!-- Default suite -->
</testng-results>
