<?xml version="1.0" encoding="UTF-8"?>
<!-- Generated by org.testng.reporters.JUnitXMLReporter -->
<testsuite ignored="0" hostname="VCs-MacBook-Pro.local" failures="0" tests="2" name="Default test" time="65.261" errors="0" timestamp="2023-08-09T16:09:44 IST">
  <testcase classname="com.framework.AppiumAndroidFramework.ProductAddToCart" name="addToCart" time="21.145"/>
  <testcase classname="com.framework.AppiumAndroidFramework.ProductAddToCart" name="addToCart" time="20.497"/>
</testsuite> <!-- Default test -->
